0 info it worked if it ends with ok
1 verbose cli [ 'D:\\nodejs\\node.exe',
1 verbose cli   'D:\\nodejs\\node_modules\\npm\\bin\\npm-cli.js',
1 verbose cli   'run',
1 verbose cli   'build' ]
2 info using npm@3.10.10
3 info using node@v6.10.3
4 verbose run-script [ 'prebuild', 'build', 'postbuild' ]
5 info lifecycle restsheet-frontend-client@1.0.0~prebuild: restsheet-frontend-client@1.0.0
6 silly lifecycle restsheet-frontend-client@1.0.0~prebuild: no script for prebuild, continuing
7 info lifecycle restsheet-frontend-client@1.0.0~build: restsheet-frontend-client@1.0.0
8 verbose lifecycle restsheet-frontend-client@1.0.0~build: unsafe-perm in lifecycle true
9 verbose lifecycle restsheet-frontend-client@1.0.0~build: PATH: D:\nodejs\node_modules\npm\bin\node-gyp-bin;C:\Users\HOME-PC.HOME\Desktop\webdev\restsheet-frontend-client\node_modules\.bin;%AppData%\npm;C:\WINDOWS\system32;C:\WINDOWS;C:\WINDOWS\System32\Wbem;C:\WINDOWS\System32\WindowsPowerShell\v1.0\;D:\TDM-GCC-64\bin;D:\CodeBlocks\MinGW\bin;C:\Program Files (x86)\Windows Kits\8.1\Windows Performance Toolkit\;D:\nodejs\;C:\Program Files\MongoDB\Server\3.4\bin;D:\Git\cmd;D:\Python\Python36-32;D:\Python\Python36-32\Scripts;D:\IsoBuster;D:\Google Cloud Platform\google-cloud-sdk\bin;C:\ProgramData\Oracle\Java\javapath;D:\Yarn\bin;C:\Users\HOME-PC.HOME\AppData\Roaming\npm;C:\Users\HOME-PC.HOME\AppData\Local\Microsoft\WindowsApps;;C:\Program Files (x86)\Microsoft VS Code\bin;C:\Users\HOME-PC.HOME\AppData\Local\Yarn\bin
10 verbose lifecycle restsheet-frontend-client@1.0.0~build: CWD: C:\Users\HOME-PC.HOME\Desktop\webdev\restsheet-frontend-client
11 silly lifecycle restsheet-frontend-client@1.0.0~build: Args: [ '/d /s /c', 'webpack --config webpack.config.js --watch' ]
12 verbose stack Error: kill ENOSYS
12 verbose stack     at exports._errnoException (util.js:1018:11)
12 verbose stack     at process.kill (internal/process.js:190:13)
12 verbose stack     at process.listener (D:\nodejs\node_modules\npm\node_modules\npmlog\node_modules\gauge\node_modules\signal-exit\index.js:86:15)
12 verbose stack     at emitNone (events.js:91:20)
12 verbose stack     at process.emit (events.js:185:7)
12 verbose stack     at processEmit (D:\nodejs\node_modules\npm\node_modules\npmlog\node_modules\gauge\node_modules\signal-exit\index.js:146:32)
12 verbose stack     at processEmit (D:\nodejs\node_modules\npm\node_modules\npm-registry-client\node_modules\npmlog\node_modules\gauge\node_modules\signal-exit\index.js:146:32)
12 verbose stack     at Signal.wrap.onsignal (internal/process.js:217:44)
13 verbose cwd C:\Users\HOME-PC.HOME\Desktop\webdev\restsheet-frontend-client
14 error Windows_NT 10.0.14393
15 error argv "D:\\nodejs\\node.exe" "D:\\nodejs\\node_modules\\npm\\bin\\npm-cli.js" "run" "build"
16 error node v6.10.3
17 error npm  v3.10.10
18 error code ENOSYS
19 error errno ENOSYS
20 error syscall kill
21 error kill ENOSYS
22 error If you need help, you may report this error at:
22 error     <https://github.com/npm/npm/issues>
23 verbose exit [ 1, true ]
